<?xml version="1.0" encoding="UTF-8"?>
<!-- Generated by org.testng.reporters.JUnitReportReporter -->
<testsuite hostname="DESKTOP-RTPD400" failures="0" tests="1" name="campaigns.CreateCampaignsTest" time="52.351" errors="0" timestamp="2025-07-17T08:02:39 IST" skipped="0">
  <testcase classname="campaigns.CreateCampaignsTest" name="createCampaignsTest" time="52.351"/>
</testsuite> <!-- campaigns.CreateCampaignsTest -->
