<?xml version="1.0" encoding="UTF-8"?>
<!-- Generated by org.testng.reporters.JUnitReportReporter -->
<testsuite hostname="DESKTOP-RTPD400" failures="0" tests="1" name="campaigns.CreateCampaignWithProductTest" time="32.987" errors="0" timestamp="2025-07-17T08:03:31 IST" skipped="0">
  <testcase classname="campaigns.CreateCampaignWithProductTest" name="createCampaignWithProductTest" time="32.987"/>
</testsuite> <!-- campaigns.CreateCampaignWithProductTest -->
