<?xml version="1.0" encoding="UTF-8"?>
<!-- Generated by org.testng.reporters.JUnitReportReporter -->
<testsuite hostname="DESKTOP-RTPD400" failures="0" tests="1" name="Organization.CreateOrganizationTest" time="15.023" errors="0" timestamp="2025-07-17T08:05:14 IST" skipped="0">
  <testcase classname="Organization.CreateOrganizationTest" name="createOrganizationTest" time="15.023"/>
</testsuite> <!-- Organization.CreateOrganizationTest -->
