<?xml version="1.0" encoding="UTF-8"?>
<!-- Generated by org.testng.reporters.JUnitReportReporter -->
<testsuite hostname="DESKTOP-RTPD400" failures="0" tests="1" name="Contact.CreateContactTest" time="13.595" errors="0" timestamp="2025-07-17T08:04:27 IST" skipped="0">
  <testcase classname="Contact.CreateContactTest" name="CreateContactTest" time="13.595"/>
</testsuite> <!-- Contact.CreateContactTest -->
